<?xml version="1.0" encoding="UTF-8"?>
<testsuite name="PalindromeTest" tests="2" skipped="0" failures="0" errors="0" timestamp="2016-02-10T23:30:04" hostname="epicodus-67.local" time="0.009">
  <properties/>
  <testcase name="palindromeChecker_annaShouldReturn_true" classname="PalindromeTest" time="0.001"/>
  <testcase name="palindromeChecker_catShouldReturn_false" classname="PalindromeTest" time="0.0"/>
  <system-out><![CDATA[]]></system-out>
  <system-err><![CDATA[]]></system-err>
</testsuite>
